2021-06-08 09:47:06.137 [main] ERROR o.s.b.diagnostics.LoggingFailureAnalysisReporter - 

***************************
APPLICATION FAILED TO START
***************************

Description:

Parameter 0 of constructor in com.mrl.pastry.gateway.handler.SwaggerHandler required a bean of type 'springfox.documentation.swagger.web.SwaggerResourcesProvider' that could not be found.


Action:

Consider defining a bean of type 'springfox.documentation.swagger.web.SwaggerResourcesProvider' in your configuration.

2021-06-08 09:50:40.545 [main] ERROR o.s.b.diagnostics.LoggingFailureAnalysisReporter - 

***************************
APPLICATION FAILED TO START
***************************

Description:

Field swaggerResources in com.mrl.pastry.gateway.handler.SwaggerHandler required a bean of type 'springfox.documentation.swagger.web.SwaggerResourcesProvider' that could not be found.

The injection point has the following annotations:
	- @org.springframework.beans.factory.annotation.Autowired(required=true)


Action:

Consider defining a bean of type 'springfox.documentation.swagger.web.SwaggerResourcesProvider' in your configuration.

2021-06-08 09:52:11.483 [main] ERROR o.s.b.diagnostics.LoggingFailureAnalysisReporter - 

***************************
APPLICATION FAILED TO START
***************************

Description:

Field swaggerResources in com.mrl.pastry.gateway.handler.SwaggerHandler required a bean of type 'springfox.documentation.swagger.web.SwaggerResourcesProvider' that could not be found.

The injection point has the following annotations:
	- @org.springframework.beans.factory.annotation.Autowired(required=true)


Action:

Consider defining a bean of type 'springfox.documentation.swagger.web.SwaggerResourcesProvider' in your configuration.

2021-06-08 09:54:32.910 [main] ERROR o.s.b.diagnostics.LoggingFailureAnalysisReporter - 

***************************
APPLICATION FAILED TO START
***************************

Description:

Field swaggerResources in com.mrl.pastry.gateway.handler.SwaggerHandler required a bean of type 'springfox.documentation.swagger.web.SwaggerResourcesProvider' that could not be found.

The injection point has the following annotations:
	- @org.springframework.beans.factory.annotation.Autowired(required=true)


Action:

Consider defining a bean of type 'springfox.documentation.swagger.web.SwaggerResourcesProvider' in your configuration.

2021-06-08 10:24:35.900 [reactor-http-nio-3] ERROR o.s.b.a.w.r.error.AbstractErrorWebExceptionHandler - [aa4855f1-57]  500 Server Error for HTTP GET "/api/pastry/portal/blog/page"
io.netty.channel.AbstractChannel$AnnotatedConnectException: Connection refused: no further information: /192.168.43.215:8088
	Suppressed: reactor.core.publisher.FluxOnAssembly$OnAssemblyException: 
Error has been observed at the following site(s):
	|_ checkpoint ⇢ springfox.boot.starter.autoconfigure.SwaggerUiWebFluxConfiguration$CustomWebFilter [DefaultWebFilterChain]
	|_ checkpoint ⇢ org.springframework.cloud.gateway.filter.WeightCalculatorWebFilter [DefaultWebFilterChain]
	|_ checkpoint ⇢ org.springframework.boot.actuate.metrics.web.reactive.server.MetricsWebFilter [DefaultWebFilterChain]
	|_ checkpoint ⇢ HTTP GET "/api/pastry/portal/blog/page" [ExceptionHandlingWebHandler]
Stack trace:
Caused by: java.net.ConnectException: Connection refused: no further information
	at sun.nio.ch.SocketChannelImpl.checkConnect(Native Method)
	at sun.nio.ch.SocketChannelImpl.finishConnect(SocketChannelImpl.java:717)
	at io.netty.channel.socket.nio.NioSocketChannel.doFinishConnect(NioSocketChannel.java:330)
	at io.netty.channel.nio.AbstractNioChannel$AbstractNioUnsafe.finishConnect(AbstractNioChannel.java:334)
	at io.netty.channel.nio.NioEventLoop.processSelectedKey(NioEventLoop.java:702)
	at io.netty.channel.nio.NioEventLoop.processSelectedKeysOptimized(NioEventLoop.java:650)
	at io.netty.channel.nio.NioEventLoop.processSelectedKeys(NioEventLoop.java:576)
	at io.netty.channel.nio.NioEventLoop.run(NioEventLoop.java:493)
	at io.netty.util.concurrent.SingleThreadEventExecutor$4.run(SingleThreadEventExecutor.java:989)
	at io.netty.util.internal.ThreadExecutorMap$2.run(ThreadExecutorMap.java:74)
	at io.netty.util.concurrent.FastThreadLocalRunnable.run(FastThreadLocalRunnable.java:30)
	at java.lang.Thread.run(Thread.java:748)
2021-06-08 11:09:51.555 [reactor-http-nio-1] ERROR o.s.b.a.w.r.error.AbstractErrorWebExceptionHandler - [2ea15758-191]  500 Server Error for HTTP GET "/api/pastry/portal/blog/page"
io.netty.channel.AbstractChannel$AnnotatedConnectException: Connection refused: no further information: /192.168.43.215:8088
	Suppressed: reactor.core.publisher.FluxOnAssembly$OnAssemblyException: 
Error has been observed at the following site(s):
	|_ checkpoint ⇢ springfox.boot.starter.autoconfigure.SwaggerUiWebFluxConfiguration$CustomWebFilter [DefaultWebFilterChain]
	|_ checkpoint ⇢ org.springframework.cloud.gateway.filter.WeightCalculatorWebFilter [DefaultWebFilterChain]
	|_ checkpoint ⇢ org.springframework.boot.actuate.metrics.web.reactive.server.MetricsWebFilter [DefaultWebFilterChain]
	|_ checkpoint ⇢ HTTP GET "/api/pastry/portal/blog/page" [ExceptionHandlingWebHandler]
Stack trace:
Caused by: java.net.ConnectException: Connection refused: no further information
	at sun.nio.ch.SocketChannelImpl.checkConnect(Native Method)
	at sun.nio.ch.SocketChannelImpl.finishConnect(SocketChannelImpl.java:717)
	at io.netty.channel.socket.nio.NioSocketChannel.doFinishConnect(NioSocketChannel.java:330)
	at io.netty.channel.nio.AbstractNioChannel$AbstractNioUnsafe.finishConnect(AbstractNioChannel.java:334)
	at io.netty.channel.nio.NioEventLoop.processSelectedKey(NioEventLoop.java:702)
	at io.netty.channel.nio.NioEventLoop.processSelectedKeysOptimized(NioEventLoop.java:650)
	at io.netty.channel.nio.NioEventLoop.processSelectedKeys(NioEventLoop.java:576)
	at io.netty.channel.nio.NioEventLoop.run(NioEventLoop.java:493)
	at io.netty.util.concurrent.SingleThreadEventExecutor$4.run(SingleThreadEventExecutor.java:989)
	at io.netty.util.internal.ThreadExecutorMap$2.run(ThreadExecutorMap.java:74)
	at io.netty.util.concurrent.FastThreadLocalRunnable.run(FastThreadLocalRunnable.java:30)
	at java.lang.Thread.run(Thread.java:748)
